2017-07-28 23:23:34,262 CRIT Supervisor running as root (no user in config file)
2017-07-28 23:23:34,270 INFO supervisord started with pid 1
2017-07-28 23:23:35,272 INFO spawned: 'nginx' with pid 9
2017-07-28 23:23:35,273 INFO spawned: 'php-fpm' with pid 10
2017-07-28 23:23:36,871 INFO success: nginx entered RUNNING state, process has stayed up for > than 1 seconds (startsecs)
2017-07-28 23:23:36,871 INFO success: php-fpm entered RUNNING state, process has stayed up for > than 1 seconds (startsecs)
2017-07-28 23:26:42,027 WARN received SIGTERM indicating exit request
2017-07-28 23:26:42,031 INFO waiting for nginx, php-fpm to die
2017-07-28 23:26:43,033 INFO stopped: php-fpm (exit status 0)
2017-07-28 23:26:43,074 INFO stopped: nginx (exit status 0)
2017-07-28 23:28:21,749 CRIT Supervisor running as root (no user in config file)
2017-07-28 23:28:21,764 INFO supervisord started with pid 1
2017-07-28 23:28:22,767 INFO spawned: 'nginx' with pid 9
2017-07-28 23:28:22,769 INFO spawned: 'php-fpm' with pid 10
2017-07-28 23:28:23,770 INFO success: nginx entered RUNNING state, process has stayed up for > than 1 seconds (startsecs)
2017-07-28 23:28:23,771 INFO success: php-fpm entered RUNNING state, process has stayed up for > than 1 seconds (startsecs)
2017-07-28 23:28:54,572 WARN received SIGTERM indicating exit request
2017-07-28 23:28:54,572 INFO waiting for nginx, php-fpm to die
2017-07-28 23:28:54,576 INFO stopped: php-fpm (exit status 0)
2017-07-28 23:28:54,609 INFO stopped: nginx (exit status 0)
